
[2026-04-02 13:59:10.464788] Transaccion exitosa por: $155.00 - Libro: Cien aï¿½os de Soledad
[2026-04-02 13:59:13.480301] Transaccion exitosa por: $155.00 - Libro: Cien aï¿½os de Soledad
[2026-04-02 13:59:17.898044] Transaccion exitosa por: $180.00 - Libro: Refactoring
[2026-04-02 13:59:21.246201] Transaccion exitosa por: $200.00 - Libro: The Pragmatic Programmer
[2026-04-02 13:59:24.675315] Transaccion exitosa por: $150.00 - Libro:  Clean Code en Python 
[2026-04-02 14:02:14.414730] Transaccion exitosa por: $200.00 - Libro: The Pragmatic Programmer
[2026-04-02 14:12:20.060885] Transaccion exitosa por: $155.00 - Libro: Cien aï¿½os de Soledad
[2026-04-02 14:12:23.451614] Transaccion exitosa por: $155.00 - Libro: Cien aï¿½os de Soledad
[2026-04-02 14:12:29.205504] Transaccion exitosa por: $200.00 - Libro: The Pragmatic Programmer
[2026-04-02 14:14:56.190116] Transaccion exitosa por: $155.00 - Libro: Cien aï¿½os de Soledad
[2026-04-02 14:14:57.900988] Transaccion exitosa por: $155.00 - Libro: Cien aï¿½os de Soledad
[2026-04-02 14:15:55.187962] Transaccion exitosa por: $180.00 - Libro: Refactoring
[2026-04-03 13:16:05.860612] Transaccion exitosa por: $155.00 - Libro: Cien aï¿½os de Soledad
[2026-04-18 22:31:14.769986] Transaccion exitosa por: $184.4500 - Libro: Sin nombre
[2026-04-18 22:33:26.762218] Transaccion exitosa por: $214.2000 - Libro: Refactoring
[2026-04-18 22:34:10.074603] Transaccion exitosa por: $157.0800 - Libro: Harry Potter y La Orden del Fï¿½nix
[2026-04-18 22:34:20.221695] Transaccion exitosa por: $157.0800 - Libro: Harry Potter y La Orden del Fï¿½nix
[2026-04-18 22:34:29.852865] Transaccion exitosa por: $178.5000 - Libro:  Clean Code en Python 
[2026-04-18 22:34:36.021010] Transaccion exitosa por: $157.0800 - Libro: Harry Potter y La Orden del Fï¿½nix
[2026-04-18 22:35:19.075936] Transaccion exitosa por: $184.4500 - Libro: Cien aï¿½os de Soledad
[2026-04-18 22:41:56.773930] Transaccion exitosa por: $238.0000 - Libro: The Pragmatic Programmer
[2026-04-18 22:47:12.886271] Transaccion exitosa por: $157.0800 - Libro: Harry Potter y La Orden del Fï¿½nix
[2026-04-18 22:50:53.518359] Transaccion exitosa por: $157.0800 - Libro: Harry Potter y La Orden del Fénix
